2018-08-28 20:11:55,793 WARNING From C:\G_project\Berkeley-CS-294\hw1\tf_util.py:91: all_variables (from tensorflow.python.ops.variables) is deprecated and will be removed after 2017-03-02.
Instructions for updating:
Please use tf.global_variables instead.
2018-08-28 20:11:55,793 WARNING From C:\G_project\Berkeley-CS-294\hw1\tf_util.py:91: all_variables (from tensorflow.python.ops.variables) is deprecated and will be removed after 2017-03-02.
Instructions for updating:
Please use tf.global_variables instead.
2018-08-28 20:11:55,793 WARNING From C:\G_project\Berkeley-CS-294\hw1\tf_util.py:91: all_variables (from tensorflow.python.ops.variables) is deprecated and will be removed after 2017-03-02.
Instructions for updating:
Please use tf.global_variables instead.
2018-08-28 20:11:55,809 WARNING From C:\Python36\lib\site-packages\tensorflow\python\util\tf_should_use.py:118: initialize_variables (from tensorflow.python.ops.variables) is deprecated and will be removed after 2017-03-02.
Instructions for updating:
Use `tf.variables_initializer` instead.
2018-08-28 20:11:55,809 WARNING From C:\Python36\lib\site-packages\tensorflow\python\util\tf_should_use.py:118: initialize_variables (from tensorflow.python.ops.variables) is deprecated and will be removed after 2017-03-02.
Instructions for updating:
Use `tf.variables_initializer` instead.
2018-08-28 20:11:55,809 WARNING From C:\Python36\lib\site-packages\tensorflow\python\util\tf_should_use.py:118: initialize_variables (from tensorflow.python.ops.variables) is deprecated and will be removed after 2017-03-02.
Instructions for updating:
Use `tf.variables_initializer` instead.
2018-08-28 20:11:57,074 INFO run_neurual_net_with_D.py: finished successfully!
2018-08-28 20:11:57,074 INFO run_neurual_net_with_D.py: finished successfully!
2018-08-28 20:11:57,074 INFO run_neurual_net_with_D.py: finished successfully!
2018-08-28 20:11:57,106 INFO behavioral_cloning.py: finished successfully!
2018-08-28 20:11:57,106 INFO behavioral_cloning.py: finished successfully!
2018-08-28 20:11:57,106 INFO behavioral_cloning.py: finished successfully!
2018-08-28 20:12:34,531 INFO run_neurual_net_with_D.py: finished successfully!
2018-08-28 20:12:34,531 INFO run_neurual_net_with_D.py: finished successfully!
2018-08-28 20:12:34,531 INFO run_neurual_net_with_D.py: finished successfully!
2018-08-28 20:12:34,625 INFO behavioral_cloning.py: finished successfully!
2018-08-28 20:12:34,625 INFO behavioral_cloning.py: finished successfully!
2018-08-28 20:12:34,625 INFO behavioral_cloning.py: finished successfully!
2018-08-28 20:12:54,077 INFO run_neurual_net_with_D.py: finished successfully!
2018-08-28 20:12:54,077 INFO run_neurual_net_with_D.py: finished successfully!
2018-08-28 20:12:54,077 INFO run_neurual_net_with_D.py: finished successfully!
2018-08-28 20:12:54,139 INFO behavioral_cloning.py: finished successfully!
2018-08-28 20:12:54,139 INFO behavioral_cloning.py: finished successfully!
2018-08-28 20:12:54,139 INFO behavioral_cloning.py: finished successfully!
2018-08-28 20:13:06,326 INFO run_neurual_net_with_D.py: finished successfully!
2018-08-28 20:13:06,326 INFO run_neurual_net_with_D.py: finished successfully!
2018-08-28 20:13:06,326 INFO run_neurual_net_with_D.py: finished successfully!
2018-08-28 20:13:06,373 INFO behavioral_cloning.py: finished successfully!
2018-08-28 20:13:06,373 INFO behavioral_cloning.py: finished successfully!
2018-08-28 20:13:06,373 INFO behavioral_cloning.py: finished successfully!
2018-08-28 20:13:34,964 INFO run_neurual_net_with_D.py: finished successfully!
2018-08-28 20:13:34,964 INFO run_neurual_net_with_D.py: finished successfully!
2018-08-28 20:13:34,964 INFO run_neurual_net_with_D.py: finished successfully!
2018-08-28 20:13:35,011 INFO behavioral_cloning.py: finished successfully!
2018-08-28 20:13:35,011 INFO behavioral_cloning.py: finished successfully!
2018-08-28 20:13:35,011 INFO behavioral_cloning.py: finished successfully!
2018-08-28 20:13:48,473 INFO run_neurual_net_with_D.py: finished successfully!
2018-08-28 20:13:48,473 INFO run_neurual_net_with_D.py: finished successfully!
2018-08-28 20:13:48,473 INFO run_neurual_net_with_D.py: finished successfully!
2018-08-28 20:13:48,488 INFO behavioral_cloning.py: finished successfully!
2018-08-28 20:13:48,488 INFO behavioral_cloning.py: finished successfully!
2018-08-28 20:13:48,488 INFO behavioral_cloning.py: finished successfully!
2018-08-28 20:13:50,269 INFO run_neurual_net_with_D.py: finished successfully!
2018-08-28 20:13:50,269 INFO run_neurual_net_with_D.py: finished successfully!
2018-08-28 20:13:50,269 INFO run_neurual_net_with_D.py: finished successfully!
2018-08-28 20:13:51,472 INFO run_neurual_net_with_D.py: finished successfully!
2018-08-28 20:13:51,472 INFO run_neurual_net_with_D.py: finished successfully!
2018-08-28 20:13:51,472 INFO run_neurual_net_with_D.py: finished successfully!
2018-08-28 20:13:52,706 INFO run_neurual_net_with_D.py: finished successfully!
2018-08-28 20:13:52,706 INFO run_neurual_net_with_D.py: finished successfully!
2018-08-28 20:13:52,706 INFO run_neurual_net_with_D.py: finished successfully!
2018-08-28 20:13:54,034 INFO run_neurual_net_with_D.py: finished successfully!
2018-08-28 20:13:54,034 INFO run_neurual_net_with_D.py: finished successfully!
2018-08-28 20:13:54,034 INFO run_neurual_net_with_D.py: finished successfully!
2018-08-28 20:13:55,397 INFO run_neurual_net_with_D.py: finished successfully!
2018-08-28 20:13:55,397 INFO run_neurual_net_with_D.py: finished successfully!
2018-08-28 20:13:55,397 INFO run_neurual_net_with_D.py: finished successfully!
2018-08-28 20:13:56,850 INFO run_neurual_net_with_D.py: finished successfully!
2018-08-28 20:13:56,850 INFO run_neurual_net_with_D.py: finished successfully!
2018-08-28 20:13:56,850 INFO run_neurual_net_with_D.py: finished successfully!
2018-08-28 20:13:58,319 INFO run_neurual_net_with_D.py: finished successfully!
2018-08-28 20:13:58,319 INFO run_neurual_net_with_D.py: finished successfully!
2018-08-28 20:13:58,319 INFO run_neurual_net_with_D.py: finished successfully!
2018-08-28 20:13:59,879 INFO run_neurual_net_with_D.py: finished successfully!
2018-08-28 20:13:59,879 INFO run_neurual_net_with_D.py: finished successfully!
2018-08-28 20:13:59,879 INFO run_neurual_net_with_D.py: finished successfully!
2018-08-28 20:14:01,503 INFO run_neurual_net_with_D.py: finished successfully!
2018-08-28 20:14:01,503 INFO run_neurual_net_with_D.py: finished successfully!
2018-08-28 20:14:01,503 INFO run_neurual_net_with_D.py: finished successfully!
2018-08-28 20:14:03,269 INFO run_neurual_net_with_D.py: finished successfully!
2018-08-28 20:14:03,269 INFO run_neurual_net_with_D.py: finished successfully!
2018-08-28 20:14:03,269 INFO run_neurual_net_with_D.py: finished successfully!
2018-08-28 20:14:04,991 INFO run_neurual_net_with_D.py: finished successfully!
2018-08-28 20:14:04,991 INFO run_neurual_net_with_D.py: finished successfully!
2018-08-28 20:14:04,991 INFO run_neurual_net_with_D.py: finished successfully!
2018-08-28 20:14:07,174 INFO run_neurual_net_with_D.py: finished successfully!
2018-08-28 20:14:07,174 INFO run_neurual_net_with_D.py: finished successfully!
2018-08-28 20:14:07,174 INFO run_neurual_net_with_D.py: finished successfully!
2018-08-28 20:14:09,130 INFO run_neurual_net_with_D.py: finished successfully!
2018-08-28 20:14:09,130 INFO run_neurual_net_with_D.py: finished successfully!
2018-08-28 20:14:09,130 INFO run_neurual_net_with_D.py: finished successfully!
2018-08-28 20:14:11,114 INFO run_neurual_net_with_D.py: finished successfully!
2018-08-28 20:14:11,114 INFO run_neurual_net_with_D.py: finished successfully!
2018-08-28 20:14:11,114 INFO run_neurual_net_with_D.py: finished successfully!
2018-08-28 20:14:13,176 INFO run_neurual_net_with_D.py: finished successfully!
2018-08-28 20:14:13,176 INFO run_neurual_net_with_D.py: finished successfully!
2018-08-28 20:14:13,176 INFO run_neurual_net_with_D.py: finished successfully!
2018-08-28 20:14:15,271 INFO run_neurual_net_with_D.py: finished successfully!
2018-08-28 20:14:15,271 INFO run_neurual_net_with_D.py: finished successfully!
2018-08-28 20:14:15,271 INFO run_neurual_net_with_D.py: finished successfully!
2018-08-28 20:14:17,431 INFO run_neurual_net_with_D.py: finished successfully!
2018-08-28 20:14:17,431 INFO run_neurual_net_with_D.py: finished successfully!
2018-08-28 20:14:17,431 INFO run_neurual_net_with_D.py: finished successfully!
2018-08-28 20:14:19,680 INFO run_neurual_net_with_D.py: finished successfully!
2018-08-28 20:14:19,680 INFO run_neurual_net_with_D.py: finished successfully!
2018-08-28 20:14:19,680 INFO run_neurual_net_with_D.py: finished successfully!
2018-08-28 20:14:21,993 INFO run_neurual_net_with_D.py: finished successfully!
2018-08-28 20:14:21,993 INFO run_neurual_net_with_D.py: finished successfully!
2018-08-28 20:14:21,993 INFO run_neurual_net_with_D.py: finished successfully!
2018-08-28 20:14:24,699 INFO run_neurual_net_with_D.py: finished successfully!
2018-08-28 20:14:24,699 INFO run_neurual_net_with_D.py: finished successfully!
2018-08-28 20:14:24,699 INFO run_neurual_net_with_D.py: finished successfully!
2018-08-28 20:14:25,043 INFO DAgger.py: finished successfully!
2018-08-28 20:14:25,043 INFO DAgger.py: finished successfully!
2018-08-28 20:14:25,043 INFO DAgger.py: finished successfully!
2018-08-28 20:15:01,063 INFO run_neurual_net_with_D.py: finished successfully!
2018-08-28 20:15:01,063 INFO run_neurual_net_with_D.py: finished successfully!
2018-08-28 20:15:01,063 INFO run_neurual_net_with_D.py: finished successfully!
2018-08-28 20:15:28,656 INFO run_neurual_net_with_D.py: finished successfully!
2018-08-28 20:15:28,656 INFO run_neurual_net_with_D.py: finished successfully!
2018-08-28 20:15:28,656 INFO run_neurual_net_with_D.py: finished successfully!
2018-08-28 20:15:59,997 INFO run_neurual_net_with_D.py: finished successfully!
2018-08-28 20:15:59,997 INFO run_neurual_net_with_D.py: finished successfully!
2018-08-28 20:15:59,997 INFO run_neurual_net_with_D.py: finished successfully!
2018-08-28 20:16:31,669 INFO run_neurual_net_with_D.py: finished successfully!
2018-08-28 20:16:31,669 INFO run_neurual_net_with_D.py: finished successfully!
2018-08-28 20:16:31,669 INFO run_neurual_net_with_D.py: finished successfully!
2018-08-28 20:17:05,859 INFO run_neurual_net_with_D.py: finished successfully!
2018-08-28 20:17:05,859 INFO run_neurual_net_with_D.py: finished successfully!
2018-08-28 20:17:05,859 INFO run_neurual_net_with_D.py: finished successfully!
2018-08-28 20:17:42,143 INFO run_neurual_net_with_D.py: finished successfully!
2018-08-28 20:17:42,143 INFO run_neurual_net_with_D.py: finished successfully!
2018-08-28 20:17:42,143 INFO run_neurual_net_with_D.py: finished successfully!
2018-08-28 20:18:20,279 INFO run_neurual_net_with_D.py: finished successfully!
2018-08-28 20:18:20,279 INFO run_neurual_net_with_D.py: finished successfully!
2018-08-28 20:18:20,279 INFO run_neurual_net_with_D.py: finished successfully!
2018-08-28 20:19:00,756 INFO run_neurual_net_with_D.py: finished successfully!
2018-08-28 20:19:00,756 INFO run_neurual_net_with_D.py: finished successfully!
2018-08-28 20:19:00,756 INFO run_neurual_net_with_D.py: finished successfully!
2018-08-28 20:19:43,543 INFO run_neurual_net_with_D.py: finished successfully!
2018-08-28 20:19:43,543 INFO run_neurual_net_with_D.py: finished successfully!
2018-08-28 20:19:43,543 INFO run_neurual_net_with_D.py: finished successfully!
2018-08-28 20:20:28,026 INFO run_neurual_net_with_D.py: finished successfully!
2018-08-28 20:20:28,026 INFO run_neurual_net_with_D.py: finished successfully!
2018-08-28 20:20:28,026 INFO run_neurual_net_with_D.py: finished successfully!
2018-08-28 20:21:14,455 INFO run_neurual_net_with_D.py: finished successfully!
2018-08-28 20:21:14,455 INFO run_neurual_net_with_D.py: finished successfully!
2018-08-28 20:21:14,455 INFO run_neurual_net_with_D.py: finished successfully!
2018-08-28 20:22:02,833 INFO run_neurual_net_with_D.py: finished successfully!
2018-08-28 20:22:02,833 INFO run_neurual_net_with_D.py: finished successfully!
2018-08-28 20:22:02,833 INFO run_neurual_net_with_D.py: finished successfully!
2018-08-28 20:22:52,517 INFO run_neurual_net_with_D.py: finished successfully!
2018-08-28 20:22:52,517 INFO run_neurual_net_with_D.py: finished successfully!
2018-08-28 20:22:52,517 INFO run_neurual_net_with_D.py: finished successfully!
2018-08-28 20:23:44,294 INFO run_neurual_net_with_D.py: finished successfully!
2018-08-28 20:23:44,294 INFO run_neurual_net_with_D.py: finished successfully!
2018-08-28 20:23:44,294 INFO run_neurual_net_with_D.py: finished successfully!
2018-08-28 20:24:38,974 INFO run_neurual_net_with_D.py: finished successfully!
2018-08-28 20:24:38,974 INFO run_neurual_net_with_D.py: finished successfully!
2018-08-28 20:24:38,974 INFO run_neurual_net_with_D.py: finished successfully!
2018-08-28 20:25:35,527 INFO run_neurual_net_with_D.py: finished successfully!
2018-08-28 20:25:35,527 INFO run_neurual_net_with_D.py: finished successfully!
2018-08-28 20:25:35,527 INFO run_neurual_net_with_D.py: finished successfully!
2018-08-28 20:26:33,729 INFO run_neurual_net_with_D.py: finished successfully!
2018-08-28 20:26:33,729 INFO run_neurual_net_with_D.py: finished successfully!
2018-08-28 20:26:33,729 INFO run_neurual_net_with_D.py: finished successfully!
2018-08-28 20:27:37,838 INFO run_neurual_net_with_D.py: finished successfully!
2018-08-28 20:27:37,838 INFO run_neurual_net_with_D.py: finished successfully!
2018-08-28 20:27:37,838 INFO run_neurual_net_with_D.py: finished successfully!
2018-08-28 20:28:43,730 INFO run_neurual_net_with_D.py: finished successfully!
2018-08-28 20:28:43,730 INFO run_neurual_net_with_D.py: finished successfully!
2018-08-28 20:28:43,730 INFO run_neurual_net_with_D.py: finished successfully!
2018-08-28 20:29:50,538 INFO run_neurual_net_with_D.py: finished successfully!
2018-08-28 20:29:50,538 INFO run_neurual_net_with_D.py: finished successfully!
2018-08-28 20:29:50,538 INFO run_neurual_net_with_D.py: finished successfully!
2018-08-28 20:29:54,973 INFO DAgger.py: finished successfully!
2018-08-28 20:29:54,973 INFO DAgger.py: finished successfully!
2018-08-28 20:29:54,973 INFO DAgger.py: finished successfully!
2018-08-28 20:30:16,769 INFO run_neurual_net_with_D.py: finished successfully!
2018-08-28 20:30:16,769 INFO run_neurual_net_with_D.py: finished successfully!
2018-08-28 20:30:16,769 INFO run_neurual_net_with_D.py: finished successfully!
2018-08-28 20:30:38,776 INFO run_neurual_net_with_D.py: finished successfully!
2018-08-28 20:30:38,776 INFO run_neurual_net_with_D.py: finished successfully!
2018-08-28 20:30:38,776 INFO run_neurual_net_with_D.py: finished successfully!
2018-08-28 20:31:01,226 INFO run_neurual_net_with_D.py: finished successfully!
2018-08-28 20:31:01,226 INFO run_neurual_net_with_D.py: finished successfully!
2018-08-28 20:31:01,226 INFO run_neurual_net_with_D.py: finished successfully!
2018-08-28 20:31:24,663 INFO run_neurual_net_with_D.py: finished successfully!
2018-08-28 20:31:24,663 INFO run_neurual_net_with_D.py: finished successfully!
2018-08-28 20:31:24,663 INFO run_neurual_net_with_D.py: finished successfully!
2018-08-28 20:31:48,414 INFO run_neurual_net_with_D.py: finished successfully!
2018-08-28 20:31:48,414 INFO run_neurual_net_with_D.py: finished successfully!
2018-08-28 20:31:48,414 INFO run_neurual_net_with_D.py: finished successfully!
2018-08-28 20:32:13,734 INFO run_neurual_net_with_D.py: finished successfully!
2018-08-28 20:32:13,734 INFO run_neurual_net_with_D.py: finished successfully!
2018-08-28 20:32:13,734 INFO run_neurual_net_with_D.py: finished successfully!
2018-08-28 20:32:40,446 INFO run_neurual_net_with_D.py: finished successfully!
2018-08-28 20:32:40,446 INFO run_neurual_net_with_D.py: finished successfully!
2018-08-28 20:32:40,446 INFO run_neurual_net_with_D.py: finished successfully!
2018-08-28 20:33:10,043 INFO run_neurual_net_with_D.py: finished successfully!
2018-08-28 20:33:10,043 INFO run_neurual_net_with_D.py: finished successfully!
2018-08-28 20:33:10,043 INFO run_neurual_net_with_D.py: finished successfully!
2018-08-28 20:33:43,019 INFO run_neurual_net_with_D.py: finished successfully!
2018-08-28 20:33:43,019 INFO run_neurual_net_with_D.py: finished successfully!
2018-08-28 20:33:43,019 INFO run_neurual_net_with_D.py: finished successfully!
2018-08-28 20:34:14,789 INFO run_neurual_net_with_D.py: finished successfully!
2018-08-28 20:34:14,789 INFO run_neurual_net_with_D.py: finished successfully!
2018-08-28 20:34:14,789 INFO run_neurual_net_with_D.py: finished successfully!
2018-08-28 20:34:48,169 INFO run_neurual_net_with_D.py: finished successfully!
2018-08-28 20:34:48,169 INFO run_neurual_net_with_D.py: finished successfully!
2018-08-28 20:34:48,169 INFO run_neurual_net_with_D.py: finished successfully!
2018-08-28 20:35:22,537 INFO run_neurual_net_with_D.py: finished successfully!
2018-08-28 20:35:22,537 INFO run_neurual_net_with_D.py: finished successfully!
2018-08-28 20:35:22,537 INFO run_neurual_net_with_D.py: finished successfully!
2018-08-28 20:35:58,565 INFO run_neurual_net_with_D.py: finished successfully!
2018-08-28 20:35:58,565 INFO run_neurual_net_with_D.py: finished successfully!
2018-08-28 20:35:58,565 INFO run_neurual_net_with_D.py: finished successfully!
2018-08-28 20:36:36,347 INFO run_neurual_net_with_D.py: finished successfully!
2018-08-28 20:36:36,347 INFO run_neurual_net_with_D.py: finished successfully!
2018-08-28 20:36:36,347 INFO run_neurual_net_with_D.py: finished successfully!
2018-08-28 20:37:19,353 INFO run_neurual_net_with_D.py: finished successfully!
2018-08-28 20:37:19,353 INFO run_neurual_net_with_D.py: finished successfully!
2018-08-28 20:37:19,353 INFO run_neurual_net_with_D.py: finished successfully!
2018-08-28 20:38:01,820 INFO run_neurual_net_with_D.py: finished successfully!
2018-08-28 20:38:01,820 INFO run_neurual_net_with_D.py: finished successfully!
2018-08-28 20:38:01,820 INFO run_neurual_net_with_D.py: finished successfully!
2018-08-28 20:38:44,877 INFO run_neurual_net_with_D.py: finished successfully!
2018-08-28 20:38:44,877 INFO run_neurual_net_with_D.py: finished successfully!
2018-08-28 20:38:44,877 INFO run_neurual_net_with_D.py: finished successfully!
2018-08-28 20:39:30,643 INFO run_neurual_net_with_D.py: finished successfully!
2018-08-28 20:39:30,643 INFO run_neurual_net_with_D.py: finished successfully!
2018-08-28 20:39:30,643 INFO run_neurual_net_with_D.py: finished successfully!
2018-08-28 20:40:17,957 INFO run_neurual_net_with_D.py: finished successfully!
2018-08-28 20:40:17,957 INFO run_neurual_net_with_D.py: finished successfully!
2018-08-28 20:40:17,957 INFO run_neurual_net_with_D.py: finished successfully!
2018-08-28 20:41:09,007 INFO run_neurual_net_with_D.py: finished successfully!
2018-08-28 20:41:09,007 INFO run_neurual_net_with_D.py: finished successfully!
2018-08-28 20:41:09,007 INFO run_neurual_net_with_D.py: finished successfully!
2018-08-28 20:41:13,149 INFO DAgger.py: finished successfully!
2018-08-28 20:41:13,149 INFO DAgger.py: finished successfully!
2018-08-28 20:41:13,149 INFO DAgger.py: finished successfully!
2018-08-28 20:41:29,250 INFO run_neurual_net_with_D.py: finished successfully!
2018-08-28 20:41:29,250 INFO run_neurual_net_with_D.py: finished successfully!
2018-08-28 20:41:29,250 INFO run_neurual_net_with_D.py: finished successfully!
2018-08-28 20:41:35,789 INFO run_neurual_net_with_D.py: finished successfully!
2018-08-28 20:41:35,789 INFO run_neurual_net_with_D.py: finished successfully!
2018-08-28 20:41:35,789 INFO run_neurual_net_with_D.py: finished successfully!
2018-08-28 20:41:42,425 INFO run_neurual_net_with_D.py: finished successfully!
2018-08-28 20:41:42,425 INFO run_neurual_net_with_D.py: finished successfully!
2018-08-28 20:41:42,425 INFO run_neurual_net_with_D.py: finished successfully!
2018-08-28 20:41:53,416 INFO run_neurual_net_with_D.py: finished successfully!
2018-08-28 20:41:53,416 INFO run_neurual_net_with_D.py: finished successfully!
2018-08-28 20:41:53,416 INFO run_neurual_net_with_D.py: finished successfully!
2018-08-28 20:42:06,837 INFO run_neurual_net_with_D.py: finished successfully!
2018-08-28 20:42:06,837 INFO run_neurual_net_with_D.py: finished successfully!
2018-08-28 20:42:06,837 INFO run_neurual_net_with_D.py: finished successfully!
2018-08-28 20:42:27,813 INFO run_neurual_net_with_D.py: finished successfully!
2018-08-28 20:42:27,813 INFO run_neurual_net_with_D.py: finished successfully!
2018-08-28 20:42:27,813 INFO run_neurual_net_with_D.py: finished successfully!
2018-08-28 20:42:52,651 INFO run_neurual_net_with_D.py: finished successfully!
2018-08-28 20:42:52,651 INFO run_neurual_net_with_D.py: finished successfully!
2018-08-28 20:42:52,651 INFO run_neurual_net_with_D.py: finished successfully!
2018-08-28 20:43:19,277 INFO run_neurual_net_with_D.py: finished successfully!
2018-08-28 20:43:19,277 INFO run_neurual_net_with_D.py: finished successfully!
2018-08-28 20:43:19,277 INFO run_neurual_net_with_D.py: finished successfully!
2018-08-28 20:43:48,243 INFO run_neurual_net_with_D.py: finished successfully!
2018-08-28 20:43:48,243 INFO run_neurual_net_with_D.py: finished successfully!
2018-08-28 20:43:48,243 INFO run_neurual_net_with_D.py: finished successfully!
2018-08-28 20:44:17,827 INFO run_neurual_net_with_D.py: finished successfully!
2018-08-28 20:44:17,827 INFO run_neurual_net_with_D.py: finished successfully!
2018-08-28 20:44:17,827 INFO run_neurual_net_with_D.py: finished successfully!
2018-08-28 20:44:49,040 INFO run_neurual_net_with_D.py: finished successfully!
2018-08-28 20:44:49,040 INFO run_neurual_net_with_D.py: finished successfully!
2018-08-28 20:44:49,040 INFO run_neurual_net_with_D.py: finished successfully!
2018-08-28 20:45:22,028 INFO run_neurual_net_with_D.py: finished successfully!
2018-08-28 20:45:22,028 INFO run_neurual_net_with_D.py: finished successfully!
2018-08-28 20:45:22,028 INFO run_neurual_net_with_D.py: finished successfully!
2018-08-28 20:46:00,196 INFO run_neurual_net_with_D.py: finished successfully!
2018-08-28 20:46:00,196 INFO run_neurual_net_with_D.py: finished successfully!
2018-08-28 20:46:00,196 INFO run_neurual_net_with_D.py: finished successfully!
2018-08-28 20:46:38,056 INFO run_neurual_net_with_D.py: finished successfully!
2018-08-28 20:46:38,056 INFO run_neurual_net_with_D.py: finished successfully!
2018-08-28 20:46:38,056 INFO run_neurual_net_with_D.py: finished successfully!
2018-08-28 20:47:16,392 INFO run_neurual_net_with_D.py: finished successfully!
2018-08-28 20:47:16,392 INFO run_neurual_net_with_D.py: finished successfully!
2018-08-28 20:47:16,392 INFO run_neurual_net_with_D.py: finished successfully!
2018-08-28 20:48:06,857 INFO run_neurual_net_with_D.py: finished successfully!
2018-08-28 20:48:06,857 INFO run_neurual_net_with_D.py: finished successfully!
2018-08-28 20:48:06,857 INFO run_neurual_net_with_D.py: finished successfully!
2018-08-28 20:49:00,355 INFO run_neurual_net_with_D.py: finished successfully!
2018-08-28 20:49:00,355 INFO run_neurual_net_with_D.py: finished successfully!
2018-08-28 20:49:00,355 INFO run_neurual_net_with_D.py: finished successfully!
2018-08-28 20:49:59,821 INFO run_neurual_net_with_D.py: finished successfully!
2018-08-28 20:49:59,821 INFO run_neurual_net_with_D.py: finished successfully!
2018-08-28 20:49:59,821 INFO run_neurual_net_with_D.py: finished successfully!
2018-08-28 20:51:02,478 INFO run_neurual_net_with_D.py: finished successfully!
2018-08-28 20:51:02,478 INFO run_neurual_net_with_D.py: finished successfully!
2018-08-28 20:51:02,478 INFO run_neurual_net_with_D.py: finished successfully!
2018-08-28 20:52:07,219 INFO run_neurual_net_with_D.py: finished successfully!
2018-08-28 20:52:07,219 INFO run_neurual_net_with_D.py: finished successfully!
2018-08-28 20:52:07,219 INFO run_neurual_net_with_D.py: finished successfully!
2018-08-28 20:52:12,932 INFO DAgger.py: finished successfully!
2018-08-28 20:52:12,932 INFO DAgger.py: finished successfully!
2018-08-28 20:52:12,932 INFO DAgger.py: finished successfully!
2018-08-28 20:52:47,027 INFO run_neurual_net_with_D.py: finished successfully!
2018-08-28 20:52:47,027 INFO run_neurual_net_with_D.py: finished successfully!
2018-08-28 20:52:47,027 INFO run_neurual_net_with_D.py: finished successfully!
2018-08-28 20:52:55,567 INFO run_neurual_net_with_D.py: finished successfully!
2018-08-28 20:52:55,567 INFO run_neurual_net_with_D.py: finished successfully!
2018-08-28 20:52:55,567 INFO run_neurual_net_with_D.py: finished successfully!
2018-08-28 20:53:06,754 INFO run_neurual_net_with_D.py: finished successfully!
2018-08-28 20:53:06,754 INFO run_neurual_net_with_D.py: finished successfully!
2018-08-28 20:53:06,754 INFO run_neurual_net_with_D.py: finished successfully!
2018-08-28 20:53:17,331 INFO run_neurual_net_with_D.py: finished successfully!
2018-08-28 20:53:17,331 INFO run_neurual_net_with_D.py: finished successfully!
2018-08-28 20:53:17,331 INFO run_neurual_net_with_D.py: finished successfully!
2018-08-28 20:53:32,753 INFO run_neurual_net_with_D.py: finished successfully!
2018-08-28 20:53:32,753 INFO run_neurual_net_with_D.py: finished successfully!
2018-08-28 20:53:32,753 INFO run_neurual_net_with_D.py: finished successfully!
2018-08-28 20:53:59,133 INFO run_neurual_net_with_D.py: finished successfully!
2018-08-28 20:53:59,133 INFO run_neurual_net_with_D.py: finished successfully!
2018-08-28 20:53:59,133 INFO run_neurual_net_with_D.py: finished successfully!
2018-08-28 20:54:46,048 INFO run_neurual_net_with_D.py: finished successfully!
2018-08-28 20:54:46,048 INFO run_neurual_net_with_D.py: finished successfully!
2018-08-28 20:54:46,048 INFO run_neurual_net_with_D.py: finished successfully!
2018-08-28 20:55:42,537 INFO run_neurual_net_with_D.py: finished successfully!
2018-08-28 20:55:42,537 INFO run_neurual_net_with_D.py: finished successfully!
2018-08-28 20:55:42,537 INFO run_neurual_net_with_D.py: finished successfully!
2018-08-28 20:56:46,895 INFO run_neurual_net_with_D.py: finished successfully!
2018-08-28 20:56:46,895 INFO run_neurual_net_with_D.py: finished successfully!
2018-08-28 20:56:46,895 INFO run_neurual_net_with_D.py: finished successfully!
2018-08-28 20:57:55,277 INFO run_neurual_net_with_D.py: finished successfully!
2018-08-28 20:57:55,277 INFO run_neurual_net_with_D.py: finished successfully!
2018-08-28 20:57:55,277 INFO run_neurual_net_with_D.py: finished successfully!
2018-08-28 20:59:10,420 INFO run_neurual_net_with_D.py: finished successfully!
2018-08-28 20:59:10,420 INFO run_neurual_net_with_D.py: finished successfully!
2018-08-28 20:59:10,420 INFO run_neurual_net_with_D.py: finished successfully!
2018-08-28 21:00:29,998 INFO run_neurual_net_with_D.py: finished successfully!
2018-08-28 21:00:29,998 INFO run_neurual_net_with_D.py: finished successfully!
2018-08-28 21:00:29,998 INFO run_neurual_net_with_D.py: finished successfully!
2018-08-28 21:02:04,214 INFO run_neurual_net_with_D.py: finished successfully!
2018-08-28 21:02:04,214 INFO run_neurual_net_with_D.py: finished successfully!
2018-08-28 21:02:04,214 INFO run_neurual_net_with_D.py: finished successfully!
2018-08-28 21:03:41,324 INFO run_neurual_net_with_D.py: finished successfully!
2018-08-28 21:03:41,324 INFO run_neurual_net_with_D.py: finished successfully!
2018-08-28 21:03:41,324 INFO run_neurual_net_with_D.py: finished successfully!
2018-08-28 21:05:22,781 INFO run_neurual_net_with_D.py: finished successfully!
2018-08-28 21:05:22,781 INFO run_neurual_net_with_D.py: finished successfully!
2018-08-28 21:05:22,781 INFO run_neurual_net_with_D.py: finished successfully!
2018-08-28 21:07:04,486 INFO run_neurual_net_with_D.py: finished successfully!
2018-08-28 21:07:04,486 INFO run_neurual_net_with_D.py: finished successfully!
2018-08-28 21:07:04,486 INFO run_neurual_net_with_D.py: finished successfully!
2018-08-28 21:08:54,094 INFO run_neurual_net_with_D.py: finished successfully!
2018-08-28 21:08:54,094 INFO run_neurual_net_with_D.py: finished successfully!
2018-08-28 21:08:54,094 INFO run_neurual_net_with_D.py: finished successfully!
2018-08-28 21:10:56,678 INFO run_neurual_net_with_D.py: finished successfully!
2018-08-28 21:10:56,678 INFO run_neurual_net_with_D.py: finished successfully!
2018-08-28 21:10:56,678 INFO run_neurual_net_with_D.py: finished successfully!
2018-08-28 21:13:09,052 INFO run_neurual_net_with_D.py: finished successfully!
2018-08-28 21:13:09,052 INFO run_neurual_net_with_D.py: finished successfully!
2018-08-28 21:13:09,052 INFO run_neurual_net_with_D.py: finished successfully!
2018-08-28 21:15:24,620 INFO run_neurual_net_with_D.py: finished successfully!
2018-08-28 21:15:24,620 INFO run_neurual_net_with_D.py: finished successfully!
2018-08-28 21:15:24,620 INFO run_neurual_net_with_D.py: finished successfully!
2018-08-28 21:15:30,666 INFO DAgger.py: finished successfully!
2018-08-28 21:15:30,666 INFO DAgger.py: finished successfully!
2018-08-28 21:15:30,666 INFO DAgger.py: finished successfully!
2018-08-28 21:15:46,319 INFO run_neurual_net_with_D.py: finished successfully!
2018-08-28 21:15:46,319 INFO run_neurual_net_with_D.py: finished successfully!
2018-08-28 21:15:46,319 INFO run_neurual_net_with_D.py: finished successfully!
2018-08-28 21:16:35,588 INFO run_neurual_net_with_D.py: finished successfully!
2018-08-28 21:16:35,588 INFO run_neurual_net_with_D.py: finished successfully!
2018-08-28 21:16:35,588 INFO run_neurual_net_with_D.py: finished successfully!
2018-08-28 21:16:54,138 INFO run_neurual_net_with_D.py: finished successfully!
2018-08-28 21:16:54,138 INFO run_neurual_net_with_D.py: finished successfully!
2018-08-28 21:16:54,138 INFO run_neurual_net_with_D.py: finished successfully!
2018-08-28 21:17:12,520 INFO run_neurual_net_with_D.py: finished successfully!
2018-08-28 21:17:12,520 INFO run_neurual_net_with_D.py: finished successfully!
2018-08-28 21:17:12,520 INFO run_neurual_net_with_D.py: finished successfully!
2018-08-28 21:17:48,438 INFO run_neurual_net_with_D.py: finished successfully!
2018-08-28 21:17:48,438 INFO run_neurual_net_with_D.py: finished successfully!
2018-08-28 21:17:48,438 INFO run_neurual_net_with_D.py: finished successfully!
2018-08-28 21:18:28,234 INFO run_neurual_net_with_D.py: finished successfully!
2018-08-28 21:18:28,234 INFO run_neurual_net_with_D.py: finished successfully!
2018-08-28 21:18:28,234 INFO run_neurual_net_with_D.py: finished successfully!
2018-08-28 21:19:15,971 INFO run_neurual_net_with_D.py: finished successfully!
2018-08-28 21:19:15,971 INFO run_neurual_net_with_D.py: finished successfully!
2018-08-28 21:19:15,971 INFO run_neurual_net_with_D.py: finished successfully!
2018-08-28 21:20:03,797 INFO run_neurual_net_with_D.py: finished successfully!
2018-08-28 21:20:03,797 INFO run_neurual_net_with_D.py: finished successfully!
2018-08-28 21:20:03,797 INFO run_neurual_net_with_D.py: finished successfully!
2018-08-28 21:20:52,567 INFO run_neurual_net_with_D.py: finished successfully!
2018-08-28 21:20:52,567 INFO run_neurual_net_with_D.py: finished successfully!
2018-08-28 21:20:52,567 INFO run_neurual_net_with_D.py: finished successfully!
2018-08-28 21:21:47,535 INFO run_neurual_net_with_D.py: finished successfully!
2018-08-28 21:21:47,535 INFO run_neurual_net_with_D.py: finished successfully!
2018-08-28 21:21:47,535 INFO run_neurual_net_with_D.py: finished successfully!
2018-08-28 21:22:46,818 INFO run_neurual_net_with_D.py: finished successfully!
2018-08-28 21:22:46,818 INFO run_neurual_net_with_D.py: finished successfully!
2018-08-28 21:22:46,818 INFO run_neurual_net_with_D.py: finished successfully!
2018-08-28 21:23:45,940 INFO run_neurual_net_with_D.py: finished successfully!
2018-08-28 21:23:45,940 INFO run_neurual_net_with_D.py: finished successfully!
2018-08-28 21:23:45,940 INFO run_neurual_net_with_D.py: finished successfully!
2018-08-28 21:24:46,788 INFO run_neurual_net_with_D.py: finished successfully!
2018-08-28 21:24:46,788 INFO run_neurual_net_with_D.py: finished successfully!
2018-08-28 21:24:46,788 INFO run_neurual_net_with_D.py: finished successfully!
2018-08-28 21:25:48,520 INFO run_neurual_net_with_D.py: finished successfully!
2018-08-28 21:25:48,520 INFO run_neurual_net_with_D.py: finished successfully!
2018-08-28 21:25:48,520 INFO run_neurual_net_with_D.py: finished successfully!
2018-08-28 21:26:56,383 INFO run_neurual_net_with_D.py: finished successfully!
2018-08-28 21:26:56,383 INFO run_neurual_net_with_D.py: finished successfully!
2018-08-28 21:26:56,383 INFO run_neurual_net_with_D.py: finished successfully!
2018-08-28 21:28:06,965 INFO run_neurual_net_with_D.py: finished successfully!
2018-08-28 21:28:06,965 INFO run_neurual_net_with_D.py: finished successfully!
2018-08-28 21:28:06,965 INFO run_neurual_net_with_D.py: finished successfully!
2018-08-28 21:29:26,736 INFO run_neurual_net_with_D.py: finished successfully!
2018-08-28 21:29:26,736 INFO run_neurual_net_with_D.py: finished successfully!
2018-08-28 21:29:26,736 INFO run_neurual_net_with_D.py: finished successfully!
2018-08-28 21:30:39,100 INFO run_neurual_net_with_D.py: finished successfully!
2018-08-28 21:30:39,100 INFO run_neurual_net_with_D.py: finished successfully!
2018-08-28 21:30:39,100 INFO run_neurual_net_with_D.py: finished successfully!
2018-08-28 21:31:54,507 INFO run_neurual_net_with_D.py: finished successfully!
2018-08-28 21:31:54,507 INFO run_neurual_net_with_D.py: finished successfully!
2018-08-28 21:31:54,507 INFO run_neurual_net_with_D.py: finished successfully!
2018-08-28 21:33:08,696 INFO run_neurual_net_with_D.py: finished successfully!
2018-08-28 21:33:08,696 INFO run_neurual_net_with_D.py: finished successfully!
2018-08-28 21:33:08,696 INFO run_neurual_net_with_D.py: finished successfully!
2018-08-28 21:33:17,069 INFO DAgger.py: finished successfully!
2018-08-28 21:33:17,069 INFO DAgger.py: finished successfully!
2018-08-28 21:33:17,069 INFO DAgger.py: finished successfully!
