2018-08-28 20:47:37,921 WARNING From C:\G_project\Berkeley-CS-294\hw1\tf_util.py:91: all_variables (from tensorflow.python.ops.variables) is deprecated and will be removed after 2017-03-02.
Instructions for updating:
Please use tf.global_variables instead.
2018-08-28 20:47:37,939 WARNING From C:\Python36\lib\site-packages\tensorflow\python\util\tf_should_use.py:118: initialize_variables (from tensorflow.python.ops.variables) is deprecated and will be removed after 2017-03-02.
Instructions for updating:
Use `tf.variables_initializer` instead.
2018-08-28 20:47:40,795 INFO run_neurual_net_with_D.py: finished successfully!
2018-08-28 20:47:40,847 INFO behavioral_cloning.py: finished successfully!
2018-08-28 20:48:43,741 INFO run_neurual_net_with_D.py: finished successfully!
2018-08-28 20:48:43,857 INFO behavioral_cloning.py: finished successfully!
2018-08-28 20:49:15,847 INFO run_neurual_net_with_D.py: finished successfully!
2018-08-28 20:49:15,945 INFO behavioral_cloning.py: finished successfully!
2018-08-28 20:49:37,852 INFO run_neurual_net_with_D.py: finished successfully!
2018-08-28 20:49:37,914 INFO behavioral_cloning.py: finished successfully!
2018-08-28 20:50:25,609 INFO run_neurual_net_with_D.py: finished successfully!
2018-08-28 20:50:25,727 INFO behavioral_cloning.py: finished successfully!
2018-08-28 20:50:48,342 INFO run_neurual_net_with_D.py: finished successfully!
2018-08-28 20:50:48,395 INFO behavioral_cloning.py: finished successfully!
2018-08-28 20:50:51,017 INFO run_neurual_net_with_D.py: finished successfully!
2018-08-28 20:50:52,696 INFO run_neurual_net_with_D.py: finished successfully!
2018-08-28 20:50:54,420 INFO run_neurual_net_with_D.py: finished successfully!
2018-08-28 20:50:56,197 INFO run_neurual_net_with_D.py: finished successfully!
2018-08-28 20:50:58,075 INFO run_neurual_net_with_D.py: finished successfully!
2018-08-28 20:51:00,090 INFO run_neurual_net_with_D.py: finished successfully!
2018-08-28 20:51:02,241 INFO run_neurual_net_with_D.py: finished successfully!
2018-08-28 20:51:04,932 INFO run_neurual_net_with_D.py: finished successfully!
2018-08-28 20:51:08,008 INFO run_neurual_net_with_D.py: finished successfully!
2018-08-28 20:51:11,499 INFO run_neurual_net_with_D.py: finished successfully!
2018-08-28 20:51:15,017 INFO run_neurual_net_with_D.py: finished successfully!
2018-08-28 20:51:18,656 INFO run_neurual_net_with_D.py: finished successfully!
2018-08-28 20:51:22,685 INFO run_neurual_net_with_D.py: finished successfully!
2018-08-28 20:51:26,916 INFO run_neurual_net_with_D.py: finished successfully!
2018-08-28 20:51:30,879 INFO run_neurual_net_with_D.py: finished successfully!
2018-08-28 20:51:35,127 INFO run_neurual_net_with_D.py: finished successfully!
2018-08-28 20:51:39,257 INFO run_neurual_net_with_D.py: finished successfully!
2018-08-28 20:51:43,688 INFO run_neurual_net_with_D.py: finished successfully!
2018-08-28 20:51:46,918 INFO run_neurual_net_with_D.py: finished successfully!
2018-08-28 20:51:50,207 INFO run_neurual_net_with_D.py: finished successfully!
2018-08-28 20:51:50,700 INFO DAgger.py: finished successfully!
2018-08-28 20:52:52,137 INFO run_neurual_net_with_D.py: finished successfully!
2018-08-28 20:53:43,610 INFO run_neurual_net_with_D.py: finished successfully!
2018-08-28 20:54:30,209 INFO run_neurual_net_with_D.py: finished successfully!
2018-08-28 20:55:21,374 INFO run_neurual_net_with_D.py: finished successfully!
2018-08-28 20:56:16,232 INFO run_neurual_net_with_D.py: finished successfully!
2018-08-28 20:57:16,365 INFO run_neurual_net_with_D.py: finished successfully!
2018-08-28 20:58:22,112 INFO run_neurual_net_with_D.py: finished successfully!
2018-08-28 20:59:16,901 INFO run_neurual_net_with_D.py: finished successfully!
2018-08-28 21:00:27,582 INFO run_neurual_net_with_D.py: finished successfully!
2018-08-28 21:01:46,370 INFO run_neurual_net_with_D.py: finished successfully!
2018-08-28 21:03:07,432 INFO run_neurual_net_with_D.py: finished successfully!
2018-08-28 21:04:36,028 INFO run_neurual_net_with_D.py: finished successfully!
2018-08-28 21:06:01,836 INFO run_neurual_net_with_D.py: finished successfully!
2018-08-28 21:07:23,825 INFO run_neurual_net_with_D.py: finished successfully!
2018-08-28 21:08:51,855 INFO run_neurual_net_with_D.py: finished successfully!
2018-08-28 21:10:34,905 INFO run_neurual_net_with_D.py: finished successfully!
2018-08-28 21:12:26,131 INFO run_neurual_net_with_D.py: finished successfully!
2018-08-28 21:14:26,830 INFO run_neurual_net_with_D.py: finished successfully!
2018-08-28 21:15:47,569 INFO run_neurual_net_with_D.py: finished successfully!
2018-08-28 21:17:19,730 INFO run_neurual_net_with_D.py: finished successfully!
2018-08-28 21:17:25,576 INFO DAgger.py: finished successfully!
2018-08-28 21:17:59,292 INFO run_neurual_net_with_D.py: finished successfully!
2018-08-28 21:18:27,070 INFO run_neurual_net_with_D.py: finished successfully!
2018-08-28 21:19:00,799 INFO run_neurual_net_with_D.py: finished successfully!
2018-08-28 21:19:39,209 INFO run_neurual_net_with_D.py: finished successfully!
2018-08-28 21:20:17,760 INFO run_neurual_net_with_D.py: finished successfully!
2018-08-28 21:20:54,298 INFO run_neurual_net_with_D.py: finished successfully!
2018-08-28 21:21:37,131 INFO run_neurual_net_with_D.py: finished successfully!
2018-08-28 21:22:24,768 INFO run_neurual_net_with_D.py: finished successfully!
2018-08-28 21:23:14,674 INFO run_neurual_net_with_D.py: finished successfully!
2018-08-28 21:24:03,695 INFO run_neurual_net_with_D.py: finished successfully!
2018-08-28 21:24:53,258 INFO run_neurual_net_with_D.py: finished successfully!
2018-08-28 21:25:45,838 INFO run_neurual_net_with_D.py: finished successfully!
2018-08-28 21:26:42,894 INFO run_neurual_net_with_D.py: finished successfully!
2018-08-28 21:27:42,396 INFO run_neurual_net_with_D.py: finished successfully!
2018-08-28 21:28:45,991 INFO run_neurual_net_with_D.py: finished successfully!
2018-08-28 21:29:51,850 INFO run_neurual_net_with_D.py: finished successfully!
2018-08-28 21:30:56,271 INFO run_neurual_net_with_D.py: finished successfully!
2018-08-28 21:32:00,900 INFO run_neurual_net_with_D.py: finished successfully!
2018-08-28 21:33:08,023 INFO run_neurual_net_with_D.py: finished successfully!
2018-08-28 21:34:02,025 INFO run_neurual_net_with_D.py: finished successfully!
2018-08-28 21:34:05,807 INFO DAgger.py: finished successfully!
2018-08-28 21:34:20,120 INFO run_neurual_net_with_D.py: finished successfully!
2018-08-28 21:34:27,460 INFO run_neurual_net_with_D.py: finished successfully!
2018-08-28 21:34:46,420 INFO run_neurual_net_with_D.py: finished successfully!
2018-08-28 21:35:09,158 INFO run_neurual_net_with_D.py: finished successfully!
2018-08-28 21:35:33,606 INFO run_neurual_net_with_D.py: finished successfully!
2018-08-28 21:35:58,956 INFO run_neurual_net_with_D.py: finished successfully!
2018-08-28 21:36:25,589 INFO run_neurual_net_with_D.py: finished successfully!
2018-08-28 21:36:53,690 INFO run_neurual_net_with_D.py: finished successfully!
2018-08-28 21:37:23,989 INFO run_neurual_net_with_D.py: finished successfully!
2018-08-28 21:37:58,569 INFO run_neurual_net_with_D.py: finished successfully!
2018-08-28 21:38:35,464 INFO run_neurual_net_with_D.py: finished successfully!
2018-08-28 21:39:09,819 INFO run_neurual_net_with_D.py: finished successfully!
2018-08-28 21:39:49,702 INFO run_neurual_net_with_D.py: finished successfully!
2018-08-28 21:40:27,377 INFO run_neurual_net_with_D.py: finished successfully!
2018-08-28 21:41:04,065 INFO run_neurual_net_with_D.py: finished successfully!
2018-08-28 21:41:42,284 INFO run_neurual_net_with_D.py: finished successfully!
2018-08-28 21:42:23,080 INFO run_neurual_net_with_D.py: finished successfully!
2018-08-28 21:43:04,804 INFO run_neurual_net_with_D.py: finished successfully!
2018-08-28 21:43:48,565 INFO run_neurual_net_with_D.py: finished successfully!
2018-08-28 21:44:34,159 INFO run_neurual_net_with_D.py: finished successfully!
2018-08-28 21:44:37,669 INFO DAgger.py: finished successfully!
2018-08-28 21:45:06,674 INFO run_neurual_net_with_D.py: finished successfully!
2018-08-28 21:45:31,486 INFO run_neurual_net_with_D.py: finished successfully!
2018-08-28 21:46:06,065 INFO run_neurual_net_with_D.py: finished successfully!
2018-08-28 21:46:44,878 INFO run_neurual_net_with_D.py: finished successfully!
2018-08-28 21:47:26,455 INFO run_neurual_net_with_D.py: finished successfully!
2018-08-28 21:48:11,143 INFO run_neurual_net_with_D.py: finished successfully!
2018-08-28 21:48:59,316 INFO run_neurual_net_with_D.py: finished successfully!
2018-08-28 21:49:51,410 INFO run_neurual_net_with_D.py: finished successfully!
2018-08-28 21:50:46,894 INFO run_neurual_net_with_D.py: finished successfully!
2018-08-28 21:51:47,096 INFO run_neurual_net_with_D.py: finished successfully!
2018-08-28 21:52:48,564 INFO run_neurual_net_with_D.py: finished successfully!
2018-08-28 21:53:55,190 INFO run_neurual_net_with_D.py: finished successfully!
2018-08-28 21:55:02,893 INFO run_neurual_net_with_D.py: finished successfully!
2018-08-28 21:56:15,533 INFO run_neurual_net_with_D.py: finished successfully!
2018-08-28 21:57:32,596 INFO run_neurual_net_with_D.py: finished successfully!
2018-08-28 21:58:51,268 INFO run_neurual_net_with_D.py: finished successfully!
2018-08-28 22:00:31,267 INFO run_neurual_net_with_D.py: finished successfully!
2018-08-28 22:02:27,910 INFO run_neurual_net_with_D.py: finished successfully!
2018-08-28 22:04:07,706 INFO run_neurual_net_with_D.py: finished successfully!
2018-08-28 22:05:59,832 INFO run_neurual_net_with_D.py: finished successfully!
2018-08-28 22:06:04,868 INFO DAgger.py: finished successfully!
2018-08-28 22:06:25,665 INFO run_neurual_net_with_D.py: finished successfully!
2018-08-28 22:06:47,348 INFO run_neurual_net_with_D.py: finished successfully!
2018-08-28 22:07:12,496 INFO run_neurual_net_with_D.py: finished successfully!
2018-08-28 22:07:38,981 INFO run_neurual_net_with_D.py: finished successfully!
2018-08-28 22:08:07,272 INFO run_neurual_net_with_D.py: finished successfully!
2018-08-28 22:08:37,304 INFO run_neurual_net_with_D.py: finished successfully!
2018-08-28 22:09:08,808 INFO run_neurual_net_with_D.py: finished successfully!
2018-08-28 22:09:42,195 INFO run_neurual_net_with_D.py: finished successfully!
2018-08-28 22:10:17,868 INFO run_neurual_net_with_D.py: finished successfully!
2018-08-28 22:10:54,513 INFO run_neurual_net_with_D.py: finished successfully!
2018-08-28 22:11:32,396 INFO run_neurual_net_with_D.py: finished successfully!
2018-08-28 22:12:12,778 INFO run_neurual_net_with_D.py: finished successfully!
2018-08-28 22:12:53,917 INFO run_neurual_net_with_D.py: finished successfully!
2018-08-28 22:13:37,452 INFO run_neurual_net_with_D.py: finished successfully!
2018-08-28 22:14:22,906 INFO run_neurual_net_with_D.py: finished successfully!
2018-08-28 22:15:09,523 INFO run_neurual_net_with_D.py: finished successfully!
2018-08-28 22:15:58,484 INFO run_neurual_net_with_D.py: finished successfully!
2018-08-28 22:16:49,113 INFO run_neurual_net_with_D.py: finished successfully!
2018-08-28 22:17:41,310 INFO run_neurual_net_with_D.py: finished successfully!
2018-08-28 22:18:34,754 INFO run_neurual_net_with_D.py: finished successfully!
2018-08-28 22:18:38,749 INFO DAgger.py: finished successfully!
